Analytical model for transition region: [m K 1/cm3 Response/m Response/m Response/m Response/m Response/m Response/m Response/m Response/m Response/m Response/m K N/m2]
         0  0.0000000000E+00  1  2 12
     100
  5.0000000000E+05  6.9035000000E-02
Length Te Ne AIA:94 AIA:131 AIA:171 AIA:193 AIA:211 AIA:304 AIA:335 XRT:Al-mesh XRT:Al-poly XRT:Ti-poly TeTop PeTop
  0.0000000000E+00  1.0000000000E+04  5.0000000000E+11  3.5148610281E-14  1.4985922056E-12  1.5193106792E-06  1.3887745322E-06  1.8414708820E-06  1.2690056389E-04  1.6400971708E-05  1.7294200000E-08  5.2097250000E-10  3.4910250000E-12
  5.4150404338E+01  1.4949494949E+04  3.3445945946E+11  1.5727297969E-14  6.7054813342E-13  6.7810197051E-07  6.1898798959E-07  8.2044234509E-07  5.6560315804E-05  7.3573177555E-06  7.7383333729E-09  2.3311045802E-10  1.5620679339E-12
  8.0991911963E+01  1.9898989899E+04  2.5126903553E+11  8.8765320565E-15  3.7846025023E-13  3.8159308002E-07  3.4776450565E-07  4.6073810887E-07  3.1776910019E-05  4.1648001237E-06  4.3675553145E-09  1.3156874623E-10  8.8163920804E-13
  1.1389763565E+02  2.4848484848E+04  2.0121951220E+11  5.6925040756E-15  2.4270668108E-13  2.4392703949E-07  2.2190883276E-07  2.9385089923E-07  2.0276696478E-05  2.6794681645E-06  2.8009196609E-09  8.4375230889E-11  5.6539652365E-13
  1.5911685949E+02  2.9797979798E+04  1.6779661017E+11  3.9584733207E-15  1.6877467364E-13  1.6917478418E-07  1.5367944226E-07  2.0341806143E-07  1.4042203153E-05  1.8681422381E-06  1.9477213927E-09  5.8673386642E-11  3.9316904367E-13
  2.1917182955E+02  3.4747474747E+04  1.4389534884E+11  1.8682026729E-14  2.1268310645E-12  3.0140357886E-07  3.2850696736E-07  4.9883224747E-07  4.8285499956E-05  2.4426798968E-06  8.4509989985E-09  2.8493044396E-10  2.2580859452E-12
  2.9505724145E+02  3.9696969697E+04  1.2595419847E+11  1.5545444501E-13  5.7141583564E-11  9.5886053250E-07  1.3713800794E-06  2.3557668340E-06  2.0873161742E-04  3.7814223058E-06  6.1720607407E-08  2.3723099577E-09  2.2734576819E-11
  3.8698225433E+02  4.4646464646E+04  1.1199095023E+11  8.4363942300E-13  8.0035015510E-10  2.7465750767E-06  4.9954336910E-06  8.8823933273E-06  6.0605629817E-04  6.0977048703E-06  2.9836875565E-07  1.2714668180E-08  1.4126737837E-10
  4.9471106479E+02  4.9595959596E+04  1.0081466395E+11  3.2694499953E-12  6.2908079798E-09  6.6442501077E-06  1.4763165026E-05  2.5902367522E-05  1.3626716077E-03  1.0140753582E-05  1.0277081098E-06  4.7401753553E-08  5.8987597072E-10
  6.1721216041E+02  5.4545454545E+04  9.1666666667E+10  1.1301461498E-11  3.6646187618E-08  1.4495456976E-05  3.8153414053E-05  6.4463032690E-05  2.6163509102E-03  1.6690961004E-05  2.9267595373E-06  1.4434581734E-07  1.9801666679E-09
  7.5367189653E+02  5.9494949495E+04  8.4040747029E+10  3.6047063909E-11  1.4790255456E-07  2.7707074017E-05  8.2306939487E-05  1.3280187610E-04  4.2589233918E-03  2.5326905380E-05  6.6993920478E-06  3.4825473142E-07  5.1659378147E-09
  9.0270762122E+02  6.4444444444E+04  7.7586206897E+10  1.1446831261E-10  4.5768991801E-07  4.6904594370E-05  1.5121984197E-04  2.3234342093E-04  5.9682880184E-03  3.5162058524E-05  1.2809314183E-05  6.9561700424E-07  1.1035844643E-08
  1.0638470173E+03  6.9393939394E+04  7.2052401747E+10  3.4228913591E-10  1.1171991862E-06  7.0533985507E-05  2.3846140521E-04  3.4924523455E-04  7.3013981336E-03  4.3920812853E-05  2.0753539192E-05  1.1689106622E-06  1.9661410733E-08
  1.2367953506E+03  7.4343434343E+04  6.7255434783E+10  8.7419321363E-10  2.1955992561E-06  9.4710356362E-05  3.2671527201E-04  4.5784070660E-04  7.9773009820E-03  5.0058344808E-05  2.8957187462E-05  1.6808825108E-06  2.9739715338E-08
  1.4213850044E+03  7.9292929293E+04  6.3057324841E+10  1.9811290575E-09  3.6863752786E-06  1.1454964963E-04  3.9535108785E-04  5.3154411064E-04  7.8482489102E-03  5.2772987223E-05  3.5516859493E-05  2.1170681590E-06  3.9282789491E-08
  1.6186078851E+03  8.4242424242E+04  5.9352517986E+10  3.7571325660E-09  5.2814882253E-06  1.2555487201E-04  4.2848336195E-04  5.5630925826E-04  7.0935263144E-03  5.2606419326E-05  3.8907384905E-05  2.3706062671E-06  4.5893487790E-08
  1.8289923265E+03  8.9191919192E+04  5.6058890147E+10  6.3277296405E-09  6.8030677471E-06  1.2827524874E-04  4.2941428616E-04  5.4232168414E-04  6.0515450537E-03  5.1010526749E-05  3.9378616984E-05  2.4440774389E-06  4.9228855144E-08
  2.0535095689E+03  9.4141414141E+04  5.3111587983E+10  9.5406616117E-09  8.1124983732E-06  1.2579201592E-04  4.1152848196E-04  5.1048507231E-04  5.0329016991E-03  4.9194931382E-05  3.8122305301E-05  2.4015930197E-06  5.0147451681E-08
  2.2928597251E+03  9.9090909091E+04  5.0458715596E+10  1.3688992634E-08  9.2435068954E-06  1.2041132527E-04  3.8400545993E-04  4.7460113389E-04  4.1475247627E-03  4.7700547691E-05  3.6008438465E-05  2.2939959355E-06  4.9535980342E-08
  2.5478852146E+03  1.0404040404E+05  4.8058252427E+10  1.8666900348E-08  1.0220892709E-05  1.1437095955E-04  3.5547543668E-04  4.4480532670E-04  3.4331394893E-03  4.6548939864E-05  3.3830382206E-05  2.1714712583E-06  4.8343681611E-08
  2.8202119729E+03  1.0898989899E+05  4.5875810936E+10  2.4429808830E-08  1.1058825966E-05  1.0845773215E-04  3.2879354880E-04  4.2364652877E-04  2.8639445020E-03  4.5623200541E-05  3.1847339083E-05  2.0519556904E-06  4.6949782202E-08
  3.1096484719E+03  1.1393939394E+05  4.3882978723E+10  3.0954051428E-08  1.1761698090E-05  1.0302542504E-04  3.0504476531E-04  4.1148160235E-04  2.4085267222E-03  4.4837393311E-05  3.0145117793E-05  1.9423168456E-06  4.5525458098E-08
  3.4179229993E+03  1.1888888889E+05  4.2056074766E+10  3.8196825667E-08  1.2338101177E-05  9.8450318365E-05  2.8520947231E-04  4.0811122537E-04  2.0423050315E-03  4.4128380499E-05  2.8778533361E-05  1.8475913516E-06  4.4214407384E-08
  3.7463679396E+03  1.2383838384E+05  4.0375203915E+10  4.6104635597E-08  1.2800727557E-05  9.5158847207E-05  2.7029148397E-04  4.1286142248E-04  1.7461339751E-03  4.3439872203E-05  2.7781001941E-05  1.7715628277E-06  4.3144483685E-08
  4.0950590700E+03  1.2878787879E+05  3.8823529412E+10  5.4724751927E-08  1.3167914246E-05  9.3631503578E-05  2.6142062673E-04  4.2465310461E-04  1.5050041523E-03  4.2718504182E-05  2.7173361795E-05  1.7173932297E-06  4.2440204368E-08
  4.4649087508E+03  1.3373737374E+05  3.7386706949E+10  6.3887400768E-08  1.3452112599E-05  9.4378781788E-05  2.5967258693E-04  4.4229941335E-04  1.3069216484E-03  4.1932433754E-05  2.6960151387E-05  1.6869575682E-06  4.2196633734E-08
  4.8565966382E+03  1.3868686869E+05  3.6052439913E+10  7.3501309198E-08  1.3668805527E-05  9.7939506375E-05  2.6621744601E-04  4.6464403095E-04  1.1426772971E-03  4.1059455268E-05  2.7147364638E-05  1.6821421350E-06  4.2509972853E-08
  5.2705600692E+03  1.4363636364E+05  3.4810126582E+10  8.3493761613E-08  1.3837062971E-05  1.0481789477E-04  2.8212544586E-04  4.9051467362E-04  1.0053349904E-03  4.0077016785E-05  2.7738219299E-05  1.7045711090E-06  4.3470873792E-08
  5.7069776165E+03  1.4858585859E+05  3.3650577838E+10  9.3756902011E-08  1.3977415604E-05  1.1537400454E-04  3.0805220554E-04  5.1870205097E-04  8.8960196260E-04  3.8967494971E-05  2.8723654555E-05  1.7549046353E-06  4.5144159452E-08
  6.1660100476E+03  1.5353535354E+05  3.2565789474E+10  1.0416944168E-07  1.4108621782E-05  1.2970633797E-04  3.4395279027E-04  5.4803421367E-04  7.9137731537E-04  3.7724906778E-05  3.0075661636E-05  1.8322676406E-06  4.7547613909E-08
  6.6506687296E+03  1.5848484848E+05  3.1548757170E+10  1.1544189742E-07  1.4301251675E-05  1.5108703286E-04  3.9788485722E-04  5.7958652154E-04  7.0824816450E-04  3.6261994309E-05  3.2068691111E-05  1.9570537993E-06  5.1335905435E-08
  7.1580964698E+03  1.6343434343E+05  3.0593325093E+10  1.2688463497E-07  1.4574296549E-05  1.7791561371E-04  4.6520107030E-04  6.0973825365E-04  6.3666866823E-04  3.4656048588E-05  3.4491111927E-05  2.1165013780E-06  5.6224557762E-08
  7.6877637856E+03  1.6838383838E+05  2.9694061188E+10  1.3830384922E-07  1.4948692562E-05  2.0949248177E-04  5.4356008027E-04  6.3754204190E-04  5.7451171889E-04  3.2980678417E-05  3.7259296161E-05  2.3052998077E-06  6.2099496543E-08
  8.2453779181E+03  1.7333333333E+05  2.8846153846E+10  1.4953443672E-07  1.5419117503E-05  2.4477328306E-04  6.3002697184E-04  6.6261925085E-04  5.2018452268E-04  3.1283302528E-05  4.0275650208E-05  2.5163749883E-06  6.8759067710E-08
  8.8242884628E+03  1.7828282828E+05  2.8045325779E+10  1.6199240981E-07  1.6257856950E-05  2.9137785038E-04  7.4236878474E-04  6.8611679849E-04  4.7288257691E-04  2.9544954060E-05  4.4174948470E-05  2.7989222663E-06  7.7880937475E-08
  9.4314871405E+03  1.8323232323E+05  2.7287761852E+10  1.7444153218E-07  1.7358207618E-05  3.4252083713E-04  8.6285626108E-04  7.0580429199E-04  4.3093174517E-04  2.7885060895E-05  4.8359112877E-05  3.1090503585E-06  8.8106118143E-08
  1.0059957081E+04  1.8818181818E+05  2.6570048309E+10  1.8658243933E-07  1.8635655489E-05  3.9583019774E-04  9.8591940716E-04  7.2195042804E-04  3.9356172744E-04  2.6311788734E-05  5.2639959254E-05  3.4316004606E-06  9.8909280182E-08
  1.0719291191E+04  1.9313131313E+05  2.5889121339E+10  2.0056582906E-07  2.0662756324E-05  4.6187531946E-04  1.1332581564E-03  7.3485006283E-04  3.6037489315E-04  2.4825258710E-05  5.7867876170E-05  3.8359411971E-06  1.1279907428E-07
  1.1401423389E+04  1.9808080808E+05  2.5242223355E+10  2.1491957310E-07  2.3124335398E-05  5.3092987324E-04  1.2817001729E-03  7.4389718632E-04  3.3048870783E-04  2.3462269874E-05  6.3243214579E-05  4.2596724374E-06  1.2764421011E-07
  1.2110143771E+04  2.0303030303E+05  2.4626865672E+10  2.2954353236E-07  2.5947046379E-05  6.0232894907E-04  1.4304410338E-03  7.4967139260E-04  3.0352532407E-04  2.2210076141E-05  6.8724665372E-05  4.6983997468E-06  1.4325261176E-07
  1.2848508739E+04  2.0797979798E+05  2.4040796503E+10  2.4745599551E-07  3.0078906446E-05  6.8564678284E-04  1.5937837894E-03  7.5140649774E-04  2.7900099813E-04  2.1116244047E-05  7.5059963562E-05  5.2189126861E-06  1.6226426950E-07
  1.3611984492E+04  2.1292929293E+05  2.3481973435E+10  2.6501515406E-07  3.4369004961E-05  7.6552652646E-04  1.7470786934E-03  7.5081058785E-04  2.5656773344E-04  2.0132444354E-05  8.1101214205E-05  5.7208724236E-06  1.8079824843E-07
  1.4401347164E+04  2.1787878788E+05  2.2948539638E+10  2.8682663411E-07  4.0254137238E-05  8.5563811312E-04  1.9045418241E-03  7.4569908105E-04  2.3587240180E-04  1.9325820760E-05  8.7797482802E-05  6.2940584595E-06  2.0267165443E-07
  1.5222525634E+04  2.2282828283E+05  2.2438803264E+10  3.0981412505E-07  4.6710192013E-05  9.4376539104E-04  2.0465000245E-03  7.3750844557E-04  2.1678942963E-04  1.8637469620E-05  9.4208266936E-05  6.8554258516E-06  2.2467762452E-07
  1.6072714362E+04  2.2777777778E+05  2.1951219512E+10  3.3592075673E-07  5.4321895810E-05  1.0348803815E-03  2.1778073275E-03  7.2556687394E-04  1.9907752270E-04  1.8091249977E-05  1.0068331419E-04  7.4383484390E-06  2.4826545220E-07
  1.6950884572E+04  2.3272727273E+05  2.1484375000E+10  3.6568596589E-07  6.3136097919E-05  1.1263465339E-03  2.2881738987E-03  7.0957834993E-04  1.8261594174E-04  1.7678211085E-05  1.0692338091E-04  8.0211934836E-06  2.7294908204E-07
  1.7857789341E+04  2.3767676768E+05  2.1036974076E+10  3.9738423498E-07  7.2620865266E-05  1.2159536883E-03  2.3806275027E-03  6.9080766441E-04  1.6732730411E-04  1.7363983968E-05  1.1284033098E-04  8.5901498259E-06  2.9785373131E-07
  1.8794192214E+04  2.4262626263E+05  2.0607826811E+10  4.3452443420E-07  8.3584520509E-05  1.3057625823E-03  2.4427830408E-03  6.6734104883E-04  1.5309272746E-04  1.7173239937E-05  1.1831509386E-04  9.1470587878E-06  3.2398269541E-07
  1.9760873364E+04  2.4757575758E+05  2.0195838433E+10  4.7272341682E-07  9.4821913668E-05  1.3912564331E-03  2.4849950278E-03  6.4196867349E-04  1.3989068030E-04  1.7043737816E-05  1.2326197048E-04  9.6693340076E-06  3.4948880070E-07
  2.0758635973E+04  2.5252525253E+05  1.9800000000E+10  5.1659859637E-07  1.0723770959E-04  1.4759492660E-03  2.4917827814E-03  6.1246070293E-04  1.2768687226E-04  1.6996864727E-05  1.2748767466E-04  1.0154803559E-05  3.7560559581E-07
  2.1788311666E+04  2.5747474747E+05  1.9419380149E+10  5.6145060476E-07  1.1972730426E-04  1.5561281332E-03  2.4782581174E-03  5.8158770119E-04  1.1640908764E-04  1.6985249540E-05  1.3109723318E-04  1.0596278867E-05  4.0081359598E-07
  2.2851825868E+04  2.6242424242E+05  1.9053117783E+10  6.1056787852E-07  1.3274758758E-04  1.6378882566E-03  2.4391015497E-03  5.4924743689E-04  1.0616118638E-04  1.7016448515E-05  1.3409463160E-04  1.1000601077E-05  4.2619666152E-07
  2.3948666964E+04  2.6737373737E+05  1.8700415565E+10  6.6194333641E-07  1.4592615012E-04  1.7192267466E-03  2.3811045599E-03  5.1623367495E-04  9.6822459386E-05  1.7075464951E-05  1.3656365136E-04  1.1368745987E-05  4.5121945390E-07
  2.5079091031E+04  2.7232323232E+05  1.8360534125E+10  7.1433193520E-07  1.5881869511E-04  1.8026139630E-03  2.3129361227E-03  4.8418579771E-04  8.8379173774E-05  1.7140239383E-05  1.3865383786E-04  1.1707095173E-05  4.7573571629E-07
  2.6243873131E+04  2.7727272727E+05  1.8032786885E+10  7.7175471364E-07  1.7213844079E-04  1.8951942543E-03  2.2279161215E-03  4.5220863679E-04  8.0878960420E-05  1.7232401641E-05  1.4041677901E-04  1.2029994844E-05  5.0126781731E-07
  2.7446274914E+04  2.8222222222E+05  1.7716535433E+10  8.2520411793E-07  1.8435914946E-04  1.9823602464E-03  2.1451506378E-03  4.2229180360E-04  7.3985724997E-05  1.7301557415E-05  1.4189500475E-04  1.2318199176E-05  5.2477889450E-07
  2.8686158353E+04  2.8717171717E+05  1.7411185368E+10  8.8758163377E-07  1.9724301753E-04  2.0955905699E-03  2.0484294375E-03  3.9329312727E-04  6.8088118200E-05  1.7392003073E-05  1.4333082343E-04  1.2622222131E-05  5.5151824274E-07
  2.9964252117E+04  2.9212121212E+05  1.7116182573E+10  9.4380352611E-07  2.0883989371E-04  2.1973492326E-03  1.9575167603E-03  3.6626524412E-04  6.2599792143E-05  1.7454861119E-05  1.4449232586E-04  1.2887516629E-05  5.7544552523E-07
  3.1281394507E+04  2.9707070707E+05  1.6831009861E+10  1.0056516631E-06  2.2035238580E-04  2.3258750610E-03  1.8633569197E-03  3.4113487984E-04  5.7886851329E-05  1.7509965712E-05  1.4575683448E-04  1.3173994730E-05  6.0217354410E-07
  3.2638339426E+04  3.0202020202E+05  1.6555183946E+10  1.0649208675E-06  2.3104347302E-04  2.4533470349E-03  1.7722630757E-03  3.1769545603E-04  5.3610700503E-05  1.7546853332E-05  1.4688038503E-04  1.3441614317E-05  6.2778922395E-07
  3.4035726559E+04  3.0696969697E+05  1.6288252715E+10  1.1222764855E-06  2.4086388664E-04  2.5854354331E-03  1.6852673707E-03  2.9605618464E-04  4.9751331990E-05  1.7560697659E-05  1.4794337769E-04  1.3699954808E-05  6.5304658392E-07
  3.5474053246E+04  3.1191919192E+05  1.6029792746E+10  1.1823201906E-06  2.5012937930E-04  2.7412674154E-03  1.6004850856E-03  2.7638208652E-04  4.6432436769E-05  1.7551875981E-05  1.4915256381E-04  1.3978764496E-05  6.8061357469E-07
  3.6953647599E+04  3.1686868687E+05  1.5779407077E+10  1.2366449013E-06  2.5844785547E-04  2.8829640000E-03  1.5207609729E-03  2.5795606939E-04  4.3321782767E-05  1.7526438502E-05  1.5013467441E-04  1.4223817283E-05  7.0545405580E-07
  3.8474642585E+04  3.2181818182E+05  1.5536723164E+10  1.2926419161E-06  2.6590799183E-04  3.0529407912E-03  1.4460474086E-03  2.4160180432E-04  4.0654863413E-05  1.7471310089E-05  1.5135814106E-04  1.4499269403E-05  7.3339257254E-07
  4.0047384181E+04  3.2676767677E+05  1.5301391036E+10  1.3454368343E-06  2.7257808806E-04  3.2206526623E-03  1.3757639586E-03  2.2652959449E-04  3.8225117140E-05  1.7399516971E-05  1.5250040703E-04  1.4761026208E-05  7.6034744201E-07
  4.1672169556E+04  3.3171717172E+05  1.5073081608E+10  1.3938925026E-06  2.7849269848E-04  3.3795465674E-03  1.3099123266E-03  2.1251390591E-04  3.5964590161E-05  1.7316574562E-05  1.5351032081E-04  1.5001497337E-05  7.8555450424E-07
  4.3341393275E+04  3.3666666667E+05  1.4851485149E+10  1.4435134149E-06  2.8349306252E-04  3.5733435357E-03  1.2512035695E-03  2.0056558058E-04  3.4051534438E-05  1.7218272072E-05  1.5496247571E-04  1.5294620244E-05  8.1546450744E-07
  4.5054581749E+04  3.4161616162E+05  1.4636309876E+10  1.4884197702E-06  2.8790480546E-04  3.7509697567E-03  1.1957001570E-03  1.8930409840E-04  3.2245800733E-05  1.7112323961E-05  1.5619352714E-04  1.5555513241E-05  8.4262076301E-07
  4.6810965593E+04  3.4656565657E+05  1.4427280676E+10  1.5304756248E-06  2.9162017906E-04  3.9317470413E-03  1.1446777198E-03  1.7910683644E-04  3.0598269235E-05  1.7001923144E-05  1.5748020995E-04  1.5819644201E-05  8.7023025718E-07
  4.8628732229E+04  3.5151515152E+05  1.4224137931E+10  1.5712550570E-06  2.9455450838E-04  4.1318486088E-03  1.0991615334E-03  1.7028008318E-04  2.9150323531E-05  1.6889767212E-05  1.5905429188E-04  1.6116749976E-05  9.0097025883E-07
  5.0503581267E+04  3.5646464646E+05  1.4026636441E+10  1.6080639901E-06  2.9706580111E-04  4.3157685750E-03  1.0559588018E-03  1.6192724883E-04  2.7778598816E-05  1.6772067397E-05  1.6041079651E-04  1.6382674577E-05  9.2897925881E-07
  5.2423018396E+04  3.6141414141E+05  1.3834544438E+10  1.6422566698E-06  2.9891350441E-04  4.5067221198E-03  1.0164060484E-03  1.5445525804E-04  2.6530782292E-05  1.6656180702E-05  1.6188843425E-04  1.6661685128E-05  9.5873268510E-07
  5.4385355862E+04  3.6636363636E+05  1.3647642680E+10  1.6741996418E-06  3.0010789387E-04  4.7076503168E-03  9.8047967183E-04  1.4786990695E-04  2.5406605023E-05  1.6543279671E-05  1.6353050063E-04  1.6959542178E-05  9.9076820919E-07
  5.6416436637E+04  3.7131313131E+05  1.3465723613E+10  1.7028787789E-06  3.0101427035E-04  4.8927476595E-03  9.4624927356E-04  1.4161248626E-04  2.4338001948E-05  1.6425865926E-05  1.6496126835E-04  1.7227376363E-05  1.0200624916E-06
  5.8507250829E+04  3.7626262626E+05  1.3288590604E+10  1.7287188552E-06  3.0132031886E-04  5.0817097108E-03  9.1438146498E-04  1.3596863802E-04  2.3356171507E-05  1.6311988135E-05  1.6646354240E-04  1.7503624997E-05  1.0512537988E-06
  6.0640628462E+04  3.8121212121E+05  1.3116057234E+10  1.7519622703E-06  3.0102179482E-04  5.2771204108E-03  8.8483848450E-04  1.3094333534E-04  2.2460734423E-05  1.6202768847E-05  1.6807482547E-04  1.7793392049E-05  1.0848833153E-06
  6.2822772439E+04  3.8616161616E+05  1.2947946639E+10  1.7726050678E-06  3.0054720199E-04  5.4574377750E-03  8.5660319391E-04  1.2614917739E-04  2.1606962705E-05  1.6089654584E-05  1.6948654469E-04  1.8054757949E-05  1.1157422767E-06
  6.5091343679E+04  3.9111111111E+05  1.2784090909E+10  1.7904170102E-06  2.9962322376E-04  5.6341395847E-03  8.2970511096E-04  1.2171932672E-04  2.0809060340E-05  1.5977524144E-05  1.7085691573E-04  1.8310555358E-05  1.1473576365E-06
  6.7400852754E+04  3.9606060606E+05  1.2624330528E+10  1.8052133274E-06  2.9801649866E-04  5.8172000429E-03  8.0416094783E-04  1.1776637664E-04  2.0079008951E-05  1.5870586996E-05  1.7232358095E-04  1.8580629787E-05  1.1827707627E-06
  6.9748894825E+04  4.0101010101E+05  1.2468513854E+10  1.8180239071E-06  2.9632810805E-04  5.9862867661E-03  7.7969708843E-04  1.1398137351E-04  1.9381033375E-05  1.5760362956E-05  1.7360836963E-04  1.8824515883E-05  1.2153737387E-06
  7.2199374884E+04  4.0595959596E+05  1.2316496641E+10  1.8288067681E-06  2.9448822658E-04  6.1441538377E-03  7.5620883009E-04  1.1037730224E-04  1.8716258610E-05  1.5647651282E-05  1.7474808520E-04  1.9047809283E-05  1.2462031610E-06
  7.4687674562E+04  4.1090909091E+05  1.2168141593E+10  1.8358763906E-06  2.9174967640E-04  6.3092410580E-03  7.3319218875E-04  1.0715558464E-04  1.8110526866E-05  1.5536437803E-05  1.7598208334E-04  1.9288443871E-05  1.2835552262E-06
  7.7217260214E+04  4.1585858586E+05  1.2023317950E+10  1.8415024149E-06  2.8900813670E-04  6.4617513757E-03  7.1112261075E-04  1.0406101568E-04  1.7529990362E-05  1.5422848003E-05  1.7705582149E-04  1.9505539470E-05  1.3180507806E-06
  7.9851185342E+04  4.2080808081E+05  1.1881901104E+10  1.8457938646E-06  2.8626721189E-04  6.6024927919E-03  6.8995092474E-04  1.0108722097E-04  1.6973342058E-05  1.5307216456E-05  1.7798060232E-04  1.9700687885E-05  1.3498756559E-06
  8.2518091616E+04  4.2575757576E+05  1.1743772242E+10  1.8471455764E-06  2.8287285728E-04  6.7419204896E-03  6.6905620650E-04  9.8335788075E-05  1.6458164291E-05  1.5185208700E-05  1.7889452944E-04  1.9897860777E-05  1.3863157382E-06
  8.5245765519E+04  4.3070707071E+05  1.1608818011E+10  1.8467348489E-06  2.7924532070E-04  6.8746231376E-03  6.4875896901E-04  9.5732318877E-05  1.5971353674E-05  1.5060056573E-05  1.7972712069E-04  2.0084257555E-05  1.4230181928E-06
  8.8061646046E+04  4.3565656566E+05  1.1476930211E+10  1.8454028328E-06  2.7567799040E-04  6.9969633224E-03  6.2927283604E-04  9.3223895899E-05  1.5503508704E-05  1.4934066231E-05  1.8043100910E-04  2.0251212279E-05  1.4569858782E-06
  9.0903692197E+04  4.4060606061E+05  1.1348005502E+10  1.8428188437E-06  2.7200598198E-04  7.1107923995E-03  6.1041823365E-04  9.0825820193E-05  1.5057959353E-05  1.4804599689E-05  1.8103352234E-04  2.0403837356E-05  1.4902155469E-06
  9.3847028702E+04  4.4555555556E+05  1.1221945137E+10  1.8375743413E-06  2.6762675586E-04  7.2211561844E-03  5.9164723399E-04  8.8605979453E-05  1.4649434891E-05  1.4661423148E-05  1.8161094170E-04  2.0557428096E-05  1.5295578488E-06
  9.6839880771E+04  4.5050505051E+05  1.1098654709E+10  1.8317355192E-06  2.6335644085E-04  7.3226367276E-03  5.7361482808E-04  8.6462046274E-05  1.4255930616E-05  1.4518869916E-05  1.8207944532E-04  2.0694057405E-05  1.5660823668E-06
  9.9881290991E+04  4.5545454545E+05  1.0978043912E+10  1.8253526812E-06  2.5919142826E-04  7.4157761792E-03  5.5628492766E-04  8.4390669433E-05  1.3876745032E-05  1.4377045849E-05  1.8244644102E-04  2.0814817353E-05  1.5999592956E-06
  1.0302754359E+05  4.6040404040E+05  1.0860026327E+10  1.8174785676E-06  2.5465541956E-04  7.5013617356E-03  5.3930037021E-04  8.2442627347E-05  1.3523384141E-05  1.4224377234E-05  1.8273949993E-04  2.0927394153E-05  1.6368178377E-06
  1.0618832531E+05  4.6535353535E+05  1.0744519210E+10  1.8082317800E-06  2.4978025242E-04  7.5798678341E-03  5.2265273416E-04  8.0610603454E-05  1.3194322140E-05  1.4061827903E-05  1.8296386620E-04  2.1032289038E-05  1.6764004680E-06
  1.0947323815E+05  4.7030303030E+05  1.0631443299E+10  1.7986727730E-06  2.4504809063E-04  7.6514551702E-03  5.0664348520E-04  7.8836309420E-05  1.2876479927E-05  1.3901452452E-05  1.8310440812E-04  2.1123558157E-05  1.7132315437E-06
  1.1278665125E+05  4.7525252525E+05  1.0520722635E+10  1.7888330003E-06  2.4045330847E-04  7.7165381499E-03  4.9124246254E-04  7.7117380370E-05  1.2569365356E-05  1.3743252408E-05  1.8316680053E-04  2.1202063549E-05  1.7474709642E-06
  1.1618331022E+05  4.8020202020E+05  1.0412284392E+10  1.7777303066E-06  2.3536925061E-04  7.7718689966E-03  4.7612403256E-04  7.5529355819E-05  1.2289125323E-05  1.3569728055E-05  1.8314408986E-04  2.1272262622E-05  1.7869119412E-06
  1.1965074790E+05  4.8515151515E+05  1.0306058713E+10  1.7659818149E-06  2.3015194141E-04  7.8199367951E-03  4.6143365831E-04  7.4024612434E-05  1.2025674402E-05  1.3391057287E-05  1.8304854421E-04  2.1332813029E-05  1.8272522361E-06
  1.2316388116E+05  4.9010101010E+05  1.0201978566E+10  1.7541083697E-06  2.2510110148E-04  7.8628663820E-03  4.4729159383E-04  7.2562964033E-05  1.1770452152E-05  1.3215809917E-05  1.8289081614E-04  2.1382634066E-05  1.8648768603E-06
  1.2678633249E+05  4.9505050505E+05  1.0099979596E+10  1.7421290209E-06  2.2020982538E-04  7.9009633688E-03  4.3367278989E-04  7.1142796384E-05  1.1523122457E-05  1.3043908530E-05  1.8267516698E-04  2.1422398549E-05  1.8999377721E-06
  1.3042083487E+05  5.0000000000E+05  1.0000000000E+10  1.7294852246E-06  2.1488160467E-04  7.9271959554E-03  4.2040388214E-04  6.9850536319E-05  1.1300512586E-05  1.2859587715E-05  1.8235897556E-04  2.1452078871E-05  1.9407500692E-06
