Volume averages, fluxes, etc
it t dt rho mx my mz bx by bz e Pmin Pmax
      1  0.00000E+00  0.00000E+00  5.00000E+00 -3.34520E-15  0.00000E+00  0.00000E+00  0.00000E+00  0.00000E+00  1.00000E+00  6.79793E-10  6.90350E-03  6.90350E-03
      2  1.04123E-01  1.04123E-01  5.00000E+00 -3.34519E-15  0.00000E+00 -6.22270E-29  1.00176E-08  1.54861E-10  1.00000E+00  6.79789E-10  6.85440E-03  6.94107E-03
      3  2.08245E-01  1.04123E-01  5.00000E+00 -3.34518E-15 -4.32884E-27 -7.72657E-27  1.99373E-08  3.09583E-10  1.00000E+00  6.79787E-10  6.80815E-03  6.96852E-03
      4  3.13443E-01  1.05198E-01  5.00000E+00 -3.34517E-15 -1.30699E-26 -2.31394E-26  2.98604E-08  4.65759E-10  1.00000E+00  6.79786E-10  6.76757E-03  6.99063E-03
      5  4.19519E-01  1.06076E-01  5.00001E+00 -3.34517E-15 -2.63272E-26 -4.64825E-26  3.97651E-08  6.23090E-10  1.00000E+00  6.79785E-10  6.73639E-03  7.00960E-03
      6  5.26350E-01  1.06830E-01  5.00001E+00 -3.34516E-15 -4.41846E-26 -7.79023E-26  4.96374E-08  7.81386E-10  1.00000E+00  6.79785E-10  6.71673E-03  7.02664E-03
      7  6.33846E-01  1.07496E-01  5.00001E+00 -3.34516E-15 -6.67131E-26 -1.17523E-25  5.94668E-08  9.40511E-10  1.00000E+00  6.79784E-10  6.70177E-03  7.04239E-03
      8  7.41942E-01  1.08096E-01  5.00001E+00 -3.34516E-15 -9.39745E-26 -1.65452E-25  6.92453E-08  1.10036E-09  1.00000E+00  6.79784E-10  6.68464E-03  7.15267E-03
      9  8.50586E-01  1.08644E-01  5.00001E+00 -3.34516E-15 -1.26024E-25 -2.21785E-25  7.89664E-08  1.26086E-09  1.00000E+00  6.79783E-10  6.67473E-03  7.51275E-03
     10  9.59739E-01  1.09152E-01  5.00001E+00 -3.34515E-15 -1.62913E-25 -2.86611E-25  8.86246E-08  1.42193E-09  1.00000E+00  6.79783E-10  6.67327E-03  8.04364E-03
     11  1.06937E+00  1.09627E-01  5.00002E+00 -3.34515E-15 -2.04686E-25 -3.60009E-25  9.82154E-08  1.58354E-09  1.00000E+00  6.79782E-10  6.68139E-03  8.76769E-03
     12  1.17944E+00  1.10075E-01  5.00002E+00 -3.34515E-15 -2.51394E-25 -4.41764E-25  1.07827E-07  1.74558E-09  1.00000E+00  6.79782E-10  6.69755E-03  9.70165E-03
     13  1.28994E+00  1.10499E-01  5.00002E+00 -3.34515E-15 -3.03069E-25 -5.32347E-25  1.17364E-07  1.90806E-09  1.00000E+00  6.79782E-10  6.68923E-03  1.08567E-02
     14  1.40084E+00  1.10904E-01  5.00002E+00 -3.34514E-15 -3.59750E-25 -6.31779E-25  1.26824E-07  2.07095E-09  1.00000E+00  6.79781E-10  6.67813E-03  1.22388E-02
     15  1.51214E+00  1.11293E-01  5.00002E+00 -3.34514E-15 -4.21473E-25 -7.40095E-25  1.36203E-07  2.23422E-09  1.00000E+00  6.79781E-10  6.66752E-03  1.38490E-02
     16  1.62380E+00  1.11666E-01  5.00002E+00 -3.34514E-15 -4.88276E-25 -8.57342E-25  1.45499E-07  2.39785E-09  1.00000E+00  6.79781E-10  6.65744E-03  1.56839E-02
     17  1.73583E+00  1.12027E-01  5.00002E+00 -3.34514E-15 -5.60190E-25 -9.83569E-25  1.54709E-07  2.56180E-09  1.00000E+00  6.79780E-10  6.64796E-03  1.77363E-02
     18  1.84821E+00  1.12377E-01  5.00003E+00 -3.34513E-15 -6.37251E-25 -1.11883E-24  1.63832E-07  2.72607E-09  1.00000E+00  6.79780E-10  6.63912E-03  1.99960E-02
     19  1.96092E+00  1.12717E-01  5.00003E+00 -3.34513E-15 -7.19488E-25 -1.26317E-24  1.72866E-07  2.89064E-09  1.00000E+00  6.79780E-10  6.63102E-03  2.24497E-02
     20  2.07397E+00  1.13048E-01  5.00003E+00 -3.34513E-15 -8.06933E-25 -1.41665E-24  1.81807E-07  3.05547E-09  1.00000E+00  6.79780E-10  6.62376E-03  2.50826E-02
     21  2.18734E+00  1.13371E-01  5.00003E+00 -3.34513E-15 -8.99621E-25 -1.57929E-24  1.90760E-07  3.22052E-09  1.00000E+00  6.79780E-10  6.61746E-03  2.78778E-02
     22  2.30103E+00  1.13686E-01  5.00003E+00 -3.34513E-15 -9.97574E-25 -1.75119E-24  1.99617E-07  3.38587E-09  9.99998E-01  6.79779E-10  6.61225E-03  3.08177E-02
     23  2.41502E+00  1.13996E-01  5.00004E+00 -3.34512E-15 -1.10081E-24 -1.93234E-24  2.08378E-07  3.55144E-09  9.99996E-01  6.79779E-10  6.60830E-03  3.38839E-02
     24  2.52932E+00  1.14299E-01  5.00004E+00 -3.34512E-15 -1.20934E-24 -2.12280E-24  2.17042E-07  3.71725E-09  9.99994E-01  6.79779E-10  6.60577E-03  3.70579E-02
     25  2.64392E+00  1.14597E-01  5.00004E+00 -3.34512E-15 -1.32321E-24 -2.32261E-24  2.25605E-07  3.88326E-09  9.99992E-01  6.79779E-10  6.60485E-03  4.03211E-02
     26  2.75881E+00  1.14890E-01  5.00004E+00 -3.34512E-15 -1.44245E-24 -2.53181E-24  2.34068E-07  4.04946E-09  9.99990E-01  6.79779E-10  6.60575E-03  4.36554E-02
     27  2.87399E+00  1.15178E-01  5.00004E+00 -3.34512E-15 -1.56707E-24 -2.75046E-24  2.42429E-07  4.21586E-09  9.99988E-01  6.79779E-10  6.60870E-03  4.70431E-02
     28  2.98945E+00  1.15462E-01  5.00004E+00 -3.34511E-15 -1.69710E-24 -2.97860E-24  2.50686E-07  4.38243E-09  9.99986E-01  6.79779E-10  6.61391E-03  5.04674E-02
     29  3.10519E+00  1.15742E-01  5.00005E+00 -3.34511E-15 -1.83257E-24 -3.21626E-24  2.58837E-07  4.54917E-09  9.99984E-01  6.79779E-10  6.62166E-03  5.39122E-02
     30  3.22121E+00  1.16018E-01  5.00005E+00 -3.34511E-15 -1.97351E-24 -3.46349E-24  2.66968E-07  4.71603E-09  9.99982E-01  6.79778E-10  6.63218E-03  5.73626E-02
     31  3.33750E+00  1.16291E-01  5.00005E+00 -3.34511E-15 -2.11994E-24 -3.72035E-24  2.74992E-07  4.88305E-09  9.99980E-01  6.79778E-10  6.64575E-03  6.08046E-02
     32  3.45406E+00  1.16560E-01  5.00005E+00 -3.34511E-15 -2.27188E-24 -3.98687E-24  2.82907E-07  5.05020E-09  9.99978E-01  6.79778E-10  6.66264E-03  6.42252E-02
     33  3.57089E+00  1.16825E-01  5.00005E+00 -3.34510E-15 -2.42935E-24 -4.26309E-24  2.90711E-07  5.21749E-09  9.99976E-01  6.79778E-10  6.68314E-03  6.76126E-02
     34  3.68798E+00  1.17088E-01  5.00005E+00 -3.34510E-15 -2.59239E-24 -4.54905E-24  2.98405E-07  5.38489E-09  9.99974E-01  6.79778E-10  6.70752E-03  7.09562E-02
     35  3.80532E+00  1.17348E-01  5.00006E+00 -3.34510E-15 -2.76102E-24 -4.84478E-24  3.05986E-07  5.55242E-09  9.99972E-01  6.79778E-10  6.73608E-03  7.42464E-02
     36  3.92293E+00  1.17605E-01  5.00006E+00 -3.34510E-15 -2.93525E-24 -5.15034E-24  3.13453E-07  5.72004E-09  9.99970E-01  6.79778E-10  6.76909E-03  7.74745E-02
     37  4.04079E+00  1.17860E-01  5.00006E+00 -3.34510E-15 -3.11512E-24 -5.46576E-24  3.20806E-07  5.88777E-09  9.99968E-01  6.79778E-10  6.80684E-03  8.06330E-02
     38  4.15890E+00  1.18112E-01  5.00006E+00 -3.34510E-15 -3.30064E-24 -5.79109E-24  3.28104E-07  6.05558E-09  9.99966E-01  6.79778E-10  6.84962E-03  8.37154E-02
     39  4.27726E+00  1.18362E-01  5.00006E+00 -3.34509E-15 -3.49184E-24 -6.12636E-24  3.35286E-07  6.22357E-09  9.99962E-01  6.79778E-10  6.89300E-03  8.67159E-02
     40  4.39587E+00  1.18610E-01  5.00007E+00 -3.34509E-15 -3.68872E-24 -6.47158E-24  3.42350E-07  6.39164E-09  9.99958E-01  6.79778E-10  6.89271E-03  8.96299E-02
     41  4.51473E+00  1.18855E-01  5.00007E+00 -3.34509E-15 -3.89130E-24 -6.82678E-24  3.49296E-07  6.55979E-09  9.99954E-01  6.79778E-10  6.89242E-03  9.24533E-02
     42  4.63383E+00  1.19098E-01  5.00007E+00 -3.34509E-15 -4.09961E-24 -7.19200E-24  3.56122E-07  6.72800E-09  9.99950E-01  6.79778E-10  6.89212E-03  9.51829E-02
     43  4.75317E+00  1.19340E-01  5.00007E+00 -3.34509E-15 -4.31366E-24 -7.56728E-24  3.62826E-07  6.89627E-09  9.99946E-01  6.79778E-10  6.89182E-03  9.78162E-02
     44  4.87274E+00  1.19579E-01  5.00007E+00 -3.34509E-15 -4.53347E-24 -7.95265E-24  3.69409E-07  7.06459E-09  9.99942E-01  6.79778E-10  6.89152E-03  1.00351E-01
     45  4.99256E+00  1.19816E-01  5.00007E+00 -3.34508E-15 -4.75908E-24 -8.34816E-24  3.75869E-07  7.23296E-09  9.99938E-01  6.79779E-10  6.89122E-03  1.02787E-01
     46  5.11261E+00  1.20052E-01  5.00008E+00 -3.34508E-15 -4.99049E-24 -8.75383E-24  3.82205E-07  7.40138E-09  9.99934E-01  6.79779E-10  6.89092E-03  1.05122E-01
     47  5.23290E+00  1.20286E-01  5.00008E+00 -3.34508E-15 -5.22774E-24 -9.16974E-24  3.88472E-07  7.56980E-09  9.99929E-01  6.79779E-10  6.89062E-03  1.07357E-01
     48  5.35342E+00  1.20519E-01  5.00008E+00 -3.34508E-15 -5.47084E-24 -9.59588E-24  3.94614E-07  7.73825E-09  9.99925E-01  6.79779E-10  6.89031E-03  1.09492E-01
     49  5.47417E+00  1.20750E-01  5.00008E+00 -3.34508E-15 -5.71980E-24 -1.00323E-23  4.00629E-07  7.90673E-09  9.99921E-01  6.79779E-10  6.89000E-03  1.11526E-01
     50  5.59515E+00  1.20979E-01  5.00008E+00 -3.34508E-15 -5.97466E-24 -1.04790E-23  4.06515E-07  8.07522E-09  9.99917E-01  6.79779E-10  6.88969E-03  1.13462E-01
     51  5.71635E+00  1.21207E-01  5.00009E+00 -3.34507E-15 -6.23543E-24 -1.09361E-23  4.12273E-07  8.24373E-09  9.99913E-01  6.79779E-10  6.88938E-03  1.15301E-01
     52  5.83779E+00  1.21433E-01  5.00009E+00 -3.34507E-15 -6.50213E-24 -1.14035E-23  4.17901E-07  8.41224E-09  9.99909E-01  6.79779E-10  6.88907E-03  1.17043E-01
     53  5.95945E+00  1.21658E-01  5.00009E+00 -3.34507E-15 -6.77478E-24 -1.18814E-23  4.23398E-07  8.58075E-09  9.99905E-01  6.79779E-10  6.88876E-03  1.18691E-01
     54  6.08133E+00  1.21882E-01  5.00009E+00 -3.34507E-15 -7.05340E-24 -1.23696E-23  4.28763E-07  8.74925E-09  9.99900E-01  6.79779E-10  6.88845E-03  1.20246E-01
     55  6.20343E+00  1.22104E-01  5.00009E+00 -3.34507E-15 -7.33801E-24 -1.28684E-23  4.34036E-07  8.91771E-09  9.99896E-01  6.79780E-10  6.88813E-03  1.21711E-01
     56  6.32576E+00  1.22325E-01  5.00010E+00 -3.34507E-15 -7.62863E-24 -1.33778E-23  4.39175E-07  9.08629E-09  9.99890E-01  6.79780E-10  6.88784E-03  1.23087E-01
     57  6.44830E+00  1.22545E-01  5.00010E+00 -3.34507E-15 -7.92526E-24 -1.38976E-23  4.44180E-07  9.25485E-09  9.99884E-01  6.79780E-10  6.88754E-03  1.24378E-01
     58  6.57107E+00  1.22764E-01  5.00010E+00 -3.34506E-15 -8.22792E-24 -1.44279E-23  4.49050E-07  9.42338E-09  9.99877E-01  6.79780E-10  6.88725E-03  1.25798E-01
     59  6.69405E+00  1.22982E-01  5.00010E+00 -3.34506E-15 -8.53663E-24 -1.49689E-23  4.53784E-07  9.59188E-09  9.99871E-01  6.79780E-10  6.88695E-03  1.27182E-01
     60  6.81725E+00  1.23198E-01  5.00010E+00 -3.34506E-15 -8.85140E-24 -1.55205E-23  4.58382E-07  9.76035E-09  9.99865E-01  6.79780E-10  6.88665E-03  1.28494E-01
     61  6.94066E+00  1.23413E-01  5.00011E+00 -3.34506E-15 -9.17226E-24 -1.60827E-23  4.62842E-07  9.92879E-09  9.99858E-01  6.79781E-10  6.88634E-03  1.29735E-01
     62  7.06429E+00  1.23628E-01  5.00011E+00 -3.34506E-15 -9.49922E-24 -1.66556E-23  4.67164E-07  1.00972E-08  9.99852E-01  6.79781E-10  6.88603E-03  1.30907E-01
     63  7.18813E+00  1.23841E-01  5.00011E+00 -3.34506E-15 -9.83231E-24 -1.72392E-23  4.71379E-07  1.02655E-08  9.99846E-01  6.79781E-10  6.88572E-03  1.32013E-01
     64  7.31218E+00  1.24053E-01  5.00011E+00 -3.34505E-15 -1.01715E-23 -1.78336E-23  4.75453E-07  1.04338E-08  9.99839E-01  6.79781E-10  6.88541E-03  1.33054E-01
     65  7.43645E+00  1.24265E-01  5.00011E+00 -3.34505E-15 -1.05169E-23 -1.84387E-23  4.79386E-07  1.06021E-08  9.99833E-01  6.79781E-10  6.88509E-03  1.34032E-01
     66  7.56092E+00  1.24475E-01  5.00012E+00 -3.34505E-15 -1.08685E-23 -1.90547E-23  4.83178E-07  1.07702E-08  9.99827E-01  6.79782E-10  6.88478E-03  1.34951E-01
     67  7.68561E+00  1.24684E-01  5.00012E+00 -3.34505E-15 -1.12262E-23 -1.96814E-23  4.86826E-07  1.09383E-08  9.99820E-01  6.79782E-10  6.88446E-03  1.35811E-01
     68  7.81050E+00  1.24893E-01  5.00012E+00 -3.34505E-15 -1.15902E-23 -2.03191E-23  4.90331E-07  1.11064E-08  9.99814E-01  6.79782E-10  6.88414E-03  1.36616E-01
     69  7.93560E+00  1.25101E-01  5.00012E+00 -3.34505E-15 -1.19604E-23 -2.09677E-23  4.93692E-07  1.12743E-08  9.99807E-01  6.79782E-10  6.88382E-03  1.37367E-01
     70  8.06091E+00  1.25307E-01  5.00012E+00 -3.34505E-15 -1.23369E-23 -2.16272E-23  4.96907E-07  1.14422E-08  9.99801E-01  6.79782E-10  6.88350E-03  1.38066E-01
     71  8.18642E+00  1.25513E-01  5.00013E+00 -3.34505E-15 -1.27196E-23 -2.22976E-23  5.00001E-07  1.16100E-08  9.99795E-01  6.79783E-10  6.88318E-03  1.38716E-01
     72  8.31214E+00  1.25719E-01  5.00013E+00 -3.34504E-15 -1.31086E-23 -2.29791E-23  5.02948E-07  1.17778E-08  9.99786E-01  6.79783E-10  6.88288E-03  1.39319E-01
     73  8.43806E+00  1.25923E-01  5.00013E+00 -3.34504E-15 -1.35039E-23 -2.36716E-23  5.05748E-07  1.19456E-08  9.99777E-01  6.79783E-10  6.88259E-03  1.39875E-01
     74  8.56419E+00  1.26127E-01  5.00013E+00 -3.34504E-15 -1.39055E-23 -2.43750E-23  5.08400E-07  1.21133E-08  9.99769E-01  6.79783E-10  6.88228E-03  1.40389E-01
     75  8.69052E+00  1.26329E-01  5.00013E+00 -3.34504E-15 -1.43134E-23 -2.50896E-23  5.10904E-07  1.22808E-08  9.99760E-01  6.79783E-10  6.88198E-03  1.40861E-01
     76  8.81705E+00  1.26531E-01  5.00014E+00 -3.34504E-15 -1.47276E-23 -2.58152E-23  5.13258E-07  1.24483E-08  9.99751E-01  6.79784E-10  6.88167E-03  1.41293E-01
     77  8.94378E+00  1.26733E-01  5.00014E+00 -3.34504E-15 -1.51482E-23 -2.65520E-23  5.15462E-07  1.26157E-08  9.99743E-01  6.79784E-10  6.88135E-03  1.41688E-01
     78  9.07072E+00  1.26933E-01  5.00014E+00 -3.34504E-15 -1.55752E-23 -2.72999E-23  5.17515E-07  1.27829E-08  9.99734E-01  6.79784E-10  6.88104E-03  1.42047E-01
     79  9.19785E+00  1.27133E-01  5.00014E+00 -3.34503E-15 -1.60085E-23 -2.80590E-23  5.19437E-07  1.29500E-08  9.99725E-01  6.79784E-10  6.88073E-03  1.42372E-01
     80  9.32518E+00  1.27333E-01  5.00014E+00 -3.34503E-15 -1.64483E-23 -2.88293E-23  5.21205E-07  1.31170E-08  9.99717E-01  6.79785E-10  6.88041E-03  1.42664E-01
     81  9.45271E+00  1.27531E-01  5.00015E+00 -3.34503E-15 -1.68945E-23 -2.96108E-23  5.22821E-07  1.32839E-08  9.99708E-01  6.79785E-10  6.88009E-03  1.42925E-01
     82  9.58044E+00  1.27729E-01  5.00015E+00 -3.34503E-15 -1.73471E-23 -3.04036E-23  5.24282E-07  1.34506E-08  9.99699E-01  6.79785E-10  6.87977E-03  1.43158E-01
     83  9.70837E+00  1.27926E-01  5.00015E+00 -3.34503E-15 -1.78061E-23 -3.12077E-23  5.25588E-07  1.36172E-08  9.99690E-01  6.79785E-10  6.87945E-03  1.43363E-01
     84  9.83649E+00  1.28123E-01  5.00015E+00 -3.34503E-15 -1.82717E-23 -3.20231E-23  5.26738E-07  1.37837E-08  9.99682E-01  6.79786E-10  6.87913E-03  1.43542E-01
     85  9.96481E+00  1.28319E-01  5.00016E+00 -3.34503E-15 -1.87437E-23 -3.28499E-23  5.27732E-07  1.39500E-08  9.99673E-01  6.79786E-10  6.87880E-03  1.43697E-01
     86  1.00000E+01  3.51901E-02  5.00016E+00 -3.34503E-15 -1.88747E-23 -3.30794E-23  5.27961E-07  1.39955E-08  9.99670E-01  6.79786E-10  6.87872E-03  1.43737E-01
